<?xml version="1.0" encoding="UTF-8"?>
<testsuite name="AcronymTest" tests="5" skipped="0" failures="0" errors="0" timestamp="2018-05-15T19:19:56" hostname="CECEN1172" time="0.073">
  <properties/>
  <testcase name="NonAcronymAllCapsWord" classname="AcronymTest" time="0.006"/>
  <testcase name="lowercaseWords" classname="AcronymTest" time="0.002"/>
  <testcase name="basic" classname="AcronymTest" time="0.0"/>
  <testcase name="punctuationWithoutWhitespace" classname="AcronymTest" time="0.034"/>
  <testcase name="punctuation" classname="AcronymTest" time="0.011"/>
  <system-out><![CDATA[]]></system-out>
  <system-err><![CDATA[]]></system-err>
</testsuite>
