<?xml version="1.0" encoding="UTF-8"?>
<testsuite name="GigasecondTest" tests="5" skipped="0" failures="0" errors="0" timestamp="2018-05-08T15:27:22" hostname="CECEN1172" time="0.111">
  <properties/>
  <testcase name="withFullTimeSpecified" classname="GigasecondTest" time="0.035"/>
  <testcase name="modernTime" classname="GigasecondTest" time="0.026"/>
  <testcase name="beforeEpochTime" classname="GigasecondTest" time="0.02"/>
  <testcase name="afterEpochTime" classname="GigasecondTest" time="0.012"/>
  <testcase name="withFullTimeSpecifiedAndDayRollover" classname="GigasecondTest" time="0.005"/>
  <system-out><![CDATA[]]></system-out>
  <system-err><![CDATA[]]></system-err>
</testsuite>
